<?xml version="1.0" encoding="UTF-8"?>
<testsuite name="com.lavanya.mealplanner.MealplannerApplicationTests" tests="1" skipped="0" failures="0" errors="0" timestamp="2025-12-23T00:08:02.869Z" hostname="Mac.lan" time="0.274">
  <properties/>
  <testcase name="contextLoads()" classname="com.lavanya.mealplanner.MealplannerApplicationTests" time="0.274"/>
  <system-out><![CDATA[17:08:02.328 [Test worker] INFO org.springframework.test.context.support.AnnotationConfigContextLoaderUtils -- Could not detect default configuration classes for test class [com.lavanya.mealplanner.MealplannerApplicationTests]: MealplannerApplicationTests does not declare any static, non-private, non-final, nested classes annotated with @Configuration.
17:08:02.358 [Test worker] INFO org.springframework.boot.test.context.SpringBootTestContextBootstrapper -- Found @SpringBootConfiguration com.lavanya.mealplanner.MealplannerApplication for test class com.lavanya.mealplanner.MealplannerApplicationTests

  .   ____          _            __ _ _
 /\\ / ___'_ __ _ _(_)_ __  __ _ \ \ \ \
( ( )\___ | '_ | '_| | '_ \/ _` | \ \ \ \
 \\/  ___)| |_)| | | | | || (_| |  ) ) ) )
  '  |____| .__|_| |_|_| |_\__, | / / / /
 =========|_|==============|___/=/_/_/_/

 :: Spring Boot ::                (v4.0.1)

2025-12-22T17:08:02.469-07:00  INFO 1773 --- [mealplanner] [    Test worker] c.l.m.MealplannerApplicationTests        : Starting MealplannerApplicationTests using Java 17.0.16 with PID 1773 (started by chaitanya in /Users/chaitanya/IdeaProjects/MealPlanner)
2025-12-22T17:08:02.470-07:00  INFO 1773 --- [mealplanner] [    Test worker] c.l.m.MealplannerApplicationTests        : No active profile set, falling back to 1 default profile: "default"
2025-12-22T17:08:02.835-07:00  INFO 1773 --- [mealplanner] [    Test worker] o.s.b.a.e.web.EndpointLinksResolver      : Exposing 1 endpoint beneath base path '/actuator'
2025-12-22T17:08:02.849-07:00  INFO 1773 --- [mealplanner] [    Test worker] c.l.m.MealplannerApplicationTests        : Started MealplannerApplicationTests in 0.45 seconds (process running for 0.802)
]]></system-out>
  <system-err><![CDATA[]]></system-err>
</testsuite>
